<?xml version="1.0" encoding="UTF-8"?>
<testng-results skipped="2" failed="0" total="2" passed="0">
  <reporter-output>
  </reporter-output>
  <suite name="Default suite" duration-ms="105329" started-at="2019-09-23T04:45:25Z" finished-at="2019-09-23T04:47:10Z">
    <groups>
    </groups>
    <test name="Default test" duration-ms="105329" started-at="2019-09-23T04:45:25Z" finished-at="2019-09-23T04:47:10Z">
      <class name="amazon.testcases.HomePageTest">
        <test-method status="FAIL" signature="setup()[pri:0, instance:amazon.testcases.HomePageTest@5e025e70]" name="setup" is-config="true" duration-ms="0" started-at="2019-09-23T10:15:25Z" finished-at="2019-09-23T10:15:25Z">
          <exception class="org.openqa.selenium.WebDriverException">
            <message>
              <![CDATA[unknown error: unable to discover open pages
Build info: version: '3.14.0', revision: 'aacccce0', time: '2018-08-02T20:19:58.91Z'
System info: host: 'AASHISH-PC', ip: '192.168.91.1', os.name: 'Windows 7', os.arch: 'amd64', os.version: '6.1', java.version: '1.8.0_201'
Driver info: driver.version: ChromeDriver
remote stacktrace: Backtrace:
	Ordinal0 [0x001E7C53+1473619]
	Ordinal0 [0x0016AD71+961905]
	Ordinal0 [0x000F42B3+475827]
	Ordinal0 [0x0008F2C1+62145]
	Ordinal0 [0x0008BC77+48247]
	Ordinal0 [0x000A9149+168265]
	Ordinal0 [0x000A8D1D+167197]
	Ordinal0 [0x000A742B+160811]
	Ordinal0 [0x00090AE6+68326]
	Ordinal0 [0x00091BF0+72688]
	Ordinal0 [0x00091B89+72585]
	Ordinal0 [0x00184B37+1067831]
	GetHandleVerifier [0x00286845+506677]
	GetHandleVerifier [0x002865E0+506064]
	GetHandleVerifier [0x0028D188+533624]
	GetHandleVerifier [0x0028701A+508682]
	Ordinal0 [0x0017C226+1032742]
	Ordinal0 [0x0017C09F+1032351]
	Ordinal0 [0x00186A4B+1075787]
	Ordinal0 [0x00186BB3+1076147]
	Ordinal0 [0x00185B65+1071973]
	BaseThreadInitThunk [0x77133677+18]
	RtlInitializeExceptionChain [0x77749D72+99]
	RtlInitializeExceptionChain [0x77749D45+54]
]]>
            </message>
            <full-stacktrace>
              <![CDATA[org.openqa.selenium.WebDriverException: unknown error: unable to discover open pages
Build info: version: '3.14.0', revision: 'aacccce0', time: '2018-08-02T20:19:58.91Z'
System info: host: 'AASHISH-PC', ip: '192.168.91.1', os.name: 'Windows 7', os.arch: 'amd64', os.version: '6.1', java.version: '1.8.0_201'
Driver info: driver.version: ChromeDriver
remote stacktrace: Backtrace:
	Ordinal0 [0x001E7C53+1473619]
	Ordinal0 [0x0016AD71+961905]
	Ordinal0 [0x000F42B3+475827]
	Ordinal0 [0x0008F2C1+62145]
	Ordinal0 [0x0008BC77+48247]
	Ordinal0 [0x000A9149+168265]
	Ordinal0 [0x000A8D1D+167197]
	Ordinal0 [0x000A742B+160811]
	Ordinal0 [0x00090AE6+68326]
	Ordinal0 [0x00091BF0+72688]
	Ordinal0 [0x00091B89+72585]
	Ordinal0 [0x00184B37+1067831]
	GetHandleVerifier [0x00286845+506677]
	GetHandleVerifier [0x002865E0+506064]
	GetHandleVerifier [0x0028D188+533624]
	GetHandleVerifier [0x0028701A+508682]
	Ordinal0 [0x0017C226+1032742]
	Ordinal0 [0x0017C09F+1032351]
	Ordinal0 [0x00186A4B+1075787]
	Ordinal0 [0x00186BB3+1076147]
	Ordinal0 [0x00185B65+1071973]
	BaseThreadInitThunk [0x77133677+18]
	RtlInitializeExceptionChain [0x77749D72+99]
	RtlInitializeExceptionChain [0x77749D45+54]

	at sun.reflect.NativeConstructorAccessorImpl.newInstance0(Native Method)
	at sun.reflect.NativeConstructorAccessorImpl.newInstance(NativeConstructorAccessorImpl.java:62)
	at sun.reflect.DelegatingConstructorAccessorImpl.newInstance(DelegatingConstructorAccessorImpl.java:45)
	at java.lang.reflect.Constructor.newInstance(Constructor.java:423)
	at org.openqa.selenium.remote.W3CHandshakeResponse.lambda$new$0(W3CHandshakeResponse.java:57)
	at org.openqa.selenium.remote.W3CHandshakeResponse.lambda$getResponseFunction$2(W3CHandshakeResponse.java:104)
	at org.openqa.selenium.remote.ProtocolHandshake.lambda$createSession$0(ProtocolHandshake.java:122)
	at java.util.stream.ReferencePipeline$3$1.accept(ReferencePipeline.java:193)
	at java.util.Spliterators$ArraySpliterator.tryAdvance(Spliterators.java:958)
	at java.util.stream.ReferencePipeline.forEachWithCancel(ReferencePipeline.java:126)
	at java.util.stream.AbstractPipeline.copyIntoWithCancel(AbstractPipeline.java:498)
	at java.util.stream.AbstractPipeline.copyInto(AbstractPipeline.java:485)
	at java.util.stream.AbstractPipeline.wrapAndCopyInto(AbstractPipeline.java:471)
	at java.util.stream.FindOps$FindOp.evaluateSequential(FindOps.java:152)
	at java.util.stream.AbstractPipeline.evaluate(AbstractPipeline.java:234)
	at java.util.stream.ReferencePipeline.findFirst(ReferencePipeline.java:464)
	at org.openqa.selenium.remote.ProtocolHandshake.createSession(ProtocolHandshake.java:125)
	at org.openqa.selenium.remote.ProtocolHandshake.createSession(ProtocolHandshake.java:73)
	at org.openqa.selenium.remote.HttpCommandExecutor.execute(HttpCommandExecutor.java:136)
	at org.openqa.selenium.remote.service.DriverCommandExecutor.execute(DriverCommandExecutor.java:83)
	at org.openqa.selenium.remote.RemoteWebDriver.execute(RemoteWebDriver.java:548)
	at org.openqa.selenium.remote.RemoteWebDriver.startSession(RemoteWebDriver.java:212)
	at org.openqa.selenium.remote.RemoteWebDriver.<init>(RemoteWebDriver.java:130)
	at org.openqa.selenium.chrome.ChromeDriver.<init>(ChromeDriver.java:181)
	at org.openqa.selenium.chrome.ChromeDriver.<init>(ChromeDriver.java:168)
	at org.openqa.selenium.chrome.ChromeDriver.<init>(ChromeDriver.java:123)
	at amazon.base.TestBaseAmazon.Initilization(TestBaseAmazon.java:45)
	at amazon.testcases.HomePageTest.setup(HomePageTest.java:22)
	at sun.reflect.NativeMethodAccessorImpl.invoke0(Native Method)
	at sun.reflect.NativeMethodAccessorImpl.invoke(NativeMethodAccessorImpl.java:62)
	at sun.reflect.DelegatingMethodAccessorImpl.invoke(DelegatingMethodAccessorImpl.java:43)
	at java.lang.reflect.Method.invoke(Method.java:498)
	at org.testng.internal.MethodInvocationHelper.invokeMethod(MethodInvocationHelper.java:80)
	at org.testng.internal.Invoker.invokeConfigurationMethod(Invoker.java:564)
	at org.testng.internal.Invoker.invokeConfigurations(Invoker.java:213)
	at org.testng.internal.Invoker.invokeMethod(Invoker.java:653)
	at org.testng.internal.Invoker.invokeTestMethod(Invoker.java:901)
	at org.testng.internal.Invoker.invokeTestMethods(Invoker.java:1231)
	at org.testng.internal.TestMethodWorker.invokeTestMethods(TestMethodWorker.java:127)
	at org.testng.internal.TestMethodWorker.run(TestMethodWorker.java:111)
	at org.testng.TestRunner.privateRun(TestRunner.java:767)
	at org.testng.TestRunner.run(TestRunner.java:617)
	at org.testng.SuiteRunner.runTest(SuiteRunner.java:334)
	at org.testng.SuiteRunner.runSequentially(SuiteRunner.java:329)
	at org.testng.SuiteRunner.privateRun(SuiteRunner.java:291)
	at org.testng.SuiteRunner.run(SuiteRunner.java:240)
	at org.testng.SuiteRunnerWorker.runSuite(SuiteRunnerWorker.java:52)
	at org.testng.SuiteRunnerWorker.run(SuiteRunnerWorker.java:86)
	at org.testng.TestNG.runSuitesSequentially(TestNG.java:1198)
	at org.testng.TestNG.runSuitesLocally(TestNG.java:1123)
	at org.testng.TestNG.run(TestNG.java:1031)
	at org.testng.remote.RemoteTestNG.run(RemoteTestNG.java:115)
	at org.testng.remote.RemoteTestNG.initAndRun(RemoteTestNG.java:207)
	at org.testng.remote.RemoteTestNG.main(RemoteTestNG.java:178)
]]>
            </full-stacktrace>
          </exception> <!-- org.openqa.selenium.WebDriverException -->
          <reporter-output>
          </reporter-output>
        </test-method> <!-- setup -->
        <test-method status="SKIP" signature="CheckVisibility()[pri:0, instance:amazon.testcases.HomePageTest@5e025e70]" name="CheckVisibility" duration-ms="3" started-at="2019-09-23T10:17:10Z" finished-at="2019-09-23T10:17:10Z">
          <reporter-output>
          </reporter-output>
        </test-method> <!-- CheckVisibility -->
        <test-method status="SKIP" signature="teardown()[pri:0, instance:amazon.testcases.HomePageTest@5e025e70]" name="teardown" is-config="true" duration-ms="0" started-at="2019-09-23T10:17:10Z" finished-at="2019-09-23T10:17:10Z">
          <reporter-output>
          </reporter-output>
        </test-method> <!-- teardown -->
        <test-method status="SKIP" signature="setup()[pri:0, instance:amazon.testcases.HomePageTest@5e025e70]" name="setup" is-config="true" duration-ms="0" started-at="2019-09-23T10:17:10Z" finished-at="2019-09-23T10:17:10Z">
          <reporter-output>
          </reporter-output>
        </test-method> <!-- setup -->
        <test-method status="SKIP" signature="StartTest()[pri:0, instance:amazon.testcases.HomePageTest@5e025e70]" name="StartTest" duration-ms="2" started-at="2019-09-23T10:17:10Z" finished-at="2019-09-23T10:17:10Z">
          <reporter-output>
          </reporter-output>
        </test-method> <!-- StartTest -->
        <test-method status="SKIP" signature="teardown()[pri:0, instance:amazon.testcases.HomePageTest@5e025e70]" name="teardown" is-config="true" duration-ms="0" started-at="2019-09-23T10:17:10Z" finished-at="2019-09-23T10:17:10Z">
          <reporter-output>
          </reporter-output>
        </test-method> <!-- teardown -->
      </class> <!-- amazon.testcases.HomePageTest -->
    </test> <!-- Default test -->
  </suite> <!-- Default suite -->
</testng-results>
